0 info it worked if it ends with ok
1 verbose cli [ 'node', '/usr/local/bin/npm', 'install', 'dgram' ]
2 info using npm@2.10.1
3 info using node@v0.12.4
4 verbose install initial load of /Users/dazza/Dropbox (MIT)/ZZ_GitHubRepos/OneArmBand/package.json
5 verbose installManyTop reading scoped package data from /Users/dazza/Dropbox (MIT)/ZZ_GitHubRepos/OneArmBand/node_modules/hashmap/package.json
6 verbose installManyTop reading scoped package data from /Users/dazza/Dropbox (MIT)/ZZ_GitHubRepos/OneArmBand/node_modules/midi/package.json
7 verbose installManyTop reading scoped package data from /Users/dazza/Dropbox (MIT)/ZZ_GitHubRepos/OneArmBand/node_modules/myo/package.json
8 verbose installManyTop reading scoped package data from /Users/dazza/Dropbox (MIT)/ZZ_GitHubRepos/OneArmBand/node_modules/sleep/package.json
9 info package.json midi@0.9.3 No license field.
10 info package.json sleep@2.0.0 No license field.
11 verbose readDependencies loading dependencies from /Users/dazza/Dropbox (MIT)/ZZ_GitHubRepos/OneArmBand/package.json
12 silly cache add args [ 'dgram', null ]
13 verbose cache add spec dgram
14 silly cache add parsed spec { raw: 'dgram',
14 silly cache add   scope: null,
14 silly cache add   name: 'dgram',
14 silly cache add   rawSpec: '',
14 silly cache add   spec: '*',
14 silly cache add   type: 'range' }
15 silly addNamed dgram@*
16 verbose addNamed "*" is a valid semver range for dgram
17 silly addNameRange { name: 'dgram', range: '*', hasData: false }
18 silly mapToRegistry name dgram
19 silly mapToRegistry using default registry
20 silly mapToRegistry registry https://registry.npmjs.org/
21 silly mapToRegistry uri https://registry.npmjs.org/dgram
22 verbose addNameRange registry:https://registry.npmjs.org/dgram not in flight; fetching
23 verbose request uri https://registry.npmjs.org/dgram
24 verbose request no auth needed
25 info attempt registry request try #1 at 4:00:46 PM
26 verbose request id e65b013c6f2b6d79
27 http request GET https://registry.npmjs.org/dgram
28 http 404 https://registry.npmjs.org/dgram
29 verbose headers { server: 'CouchDB/1.5.0 (Erlang OTP/R16B03)',
29 verbose headers   'content-type': 'application/json',
29 verbose headers   'cache-control': 'max-age=0',
29 verbose headers   'content-length': '51',
29 verbose headers   'accept-ranges': 'bytes',
29 verbose headers   date: 'Sat, 11 Jul 2015 20:00:47 GMT',
29 verbose headers   via: '1.1 varnish',
29 verbose headers   age: '0',
29 verbose headers   connection: 'keep-alive',
29 verbose headers   'x-served-by': 'cache-jfk1025-JFK',
29 verbose headers   'x-cache': 'MISS',
29 verbose headers   'x-cache-hits': '0',
29 verbose headers   'x-timer': 'S1436644847.065663,VS0,VE25' }
30 silly get cb [ 404,
30 silly get   { server: 'CouchDB/1.5.0 (Erlang OTP/R16B03)',
30 silly get     'content-type': 'application/json',
30 silly get     'cache-control': 'max-age=0',
30 silly get     'content-length': '51',
30 silly get     'accept-ranges': 'bytes',
30 silly get     date: 'Sat, 11 Jul 2015 20:00:47 GMT',
30 silly get     via: '1.1 varnish',
30 silly get     age: '0',
30 silly get     connection: 'keep-alive',
30 silly get     'x-served-by': 'cache-jfk1025-JFK',
30 silly get     'x-cache': 'MISS',
30 silly get     'x-cache-hits': '0',
30 silly get     'x-timer': 'S1436644847.065663,VS0,VE25' } ]
31 verbose stack Error: 404 Not Found: dgram
31 verbose stack     at CachingRegistryClient.<anonymous> (/usr/local/lib/node_modules/npm/node_modules/npm-registry-client/lib/request.js:245:14)
31 verbose stack     at Request._callback (/usr/local/lib/node_modules/npm/node_modules/npm-registry-client/lib/request.js:170:14)
31 verbose stack     at Request.self.callback (/usr/local/lib/node_modules/npm/node_modules/request/request.js:368:22)
31 verbose stack     at Request.emit (events.js:110:17)
31 verbose stack     at Request.<anonymous> (/usr/local/lib/node_modules/npm/node_modules/request/request.js:1219:14)
31 verbose stack     at Request.emit (events.js:129:20)
31 verbose stack     at IncomingMessage.<anonymous> (/usr/local/lib/node_modules/npm/node_modules/request/request.js:1167:12)
31 verbose stack     at IncomingMessage.emit (events.js:129:20)
31 verbose stack     at _stream_readable.js:908:16
31 verbose stack     at process._tickCallback (node.js:355:11)
32 verbose statusCode 404
33 verbose pkgid dgram
34 verbose cwd /Users/dazza/Dropbox (MIT)/ZZ_GitHubRepos/OneArmBand
35 error Darwin 14.3.0
36 error argv "node" "/usr/local/bin/npm" "install" "dgram"
37 error node v0.12.4
38 error npm  v2.10.1
39 error code E404
40 error 404 Not Found: dgram
40 error 404
40 error 404 'dgram' is not in the npm registry.
40 error 404 You should bug the author to publish it (or use the name yourself!)
40 error 404
40 error 404 Note that you can also install from a
40 error 404 tarball, folder, http url, or git url.
41 verbose exit [ 1, true ]
